<?xml version="1.0" encoding="UTF-8"?>
<testng-results ignored="0" total="1" passed="1" failed="0" skipped="0">
  <reporter-output>
  </reporter-output>
  <suite started-at="2020-10-08T12:23:05 IST" name="Default suite" finished-at="2020-10-08T12:24:28 IST" duration-ms="82460">
    <groups>
    </groups>
    <test started-at="2020-10-08T12:23:05 IST" name="Default test" finished-at="2020-10-08T12:24:28 IST" duration-ms="82460">
      <class name="com.Project1.TripPlan.TripPlan">
        <test-method is-config="true" signature="beforeClass()[pri:0, instance:com.Project1.TripPlan.TripPlan@18ce0030]" started-at="2020-10-08T12:23:06 IST" name="beforeClass" finished-at="2020-10-08T12:23:17 IST" duration-ms="11870" status="PASS">
          <reporter-output>
          </reporter-output>
        </test-method> <!-- beforeClass -->
        <test-method signature="f()[pri:0, instance:com.Project1.TripPlan.TripPlan@18ce0030]" started-at="2020-10-08T12:23:17 IST" name="f" finished-at="2020-10-08T12:24:16 IST" duration-ms="58803" status="PASS">
          <reporter-output>
          </reporter-output>
        </test-method> <!-- f -->
        <test-method is-config="true" signature="afterMethod()[pri:0, instance:com.Project1.TripPlan.TripPlan@18ce0030]" started-at="2020-10-08T12:24:16 IST" name="afterMethod" finished-at="2020-10-08T12:24:25 IST" duration-ms="9178" status="PASS">
          <reporter-output>
          </reporter-output>
        </test-method> <!-- afterMethod -->
        <test-method is-config="true" signature="afterClass()[pri:0, instance:com.Project1.TripPlan.TripPlan@18ce0030]" started-at="2020-10-08T12:24:25 IST" name="afterClass" finished-at="2020-10-08T12:24:28 IST" duration-ms="2497" status="PASS">
          <reporter-output>
          </reporter-output>
        </test-method> <!-- afterClass -->
      </class> <!-- com.Project1.TripPlan.TripPlan -->
    </test> <!-- Default test -->
  </suite> <!-- Default suite -->
</testng-results>
